#
# A fatal error has been detected by the Java Runtime Environment:
#
#  EXCEPTION_ACCESS_VIOLATION (0xc0000005) at pc=0x00007ffa5eefbdf6, pid=12060, tid=12420
#
# JRE version: OpenJDK Runtime Environment Corretto-11.0.23.9.1 (11.0.23+9) (build 11.0.23+9-LTS)
# Java VM: OpenJDK 64-Bit Server VM Corretto-11.0.23.9.1 (11.0.23+9-LTS, mixed mode, tiered, compressed oops, g1 gc, windows-amd64)
# Problematic frame:
# C  [glass.dll+0x1bdf6]
#
# No core dump will be written. Minidumps are not enabled by default on client versions of Windows
#
# If you would like to submit a bug report, please visit:
#   https://github.com/corretto/corretto-11/issues/
# The crash happened outside the Java Virtual Machine in native code.
# See problematic frame for where to report the bug.
#

---------------  S U M M A R Y ------------

Command Line: -javaagent:C:\Program Files\JetBrains\IntelliJ IDEA Community Edition 2024.1\lib\idea_rt.jar=51222:C:\Program Files\JetBrains\IntelliJ IDEA Community Edition 2024.1\bin -Dfile.encoding=UTF-8 --module-path=C:\Users\moulinville\.m2\repository\com\gluonhq\attach\lifecycle\4.0.9\lifecycle-4.0.9.jar;C:\Users\moulinville\.m2\repository\com\fasterxml\jackson\core\jackson-core\2.12.1\jackson-core-2.12.1.jar;C:\Users\moulinville\.m2\repository\org\kordamp\ikonli\ikonli-javafx\12.3.1\ikonli-javafx-12.3.1.jar;C:\Users\moulinville\.m2\repository\org\kordamp\ikonli\ikonli-core\12.3.1\ikonli-core-12.3.1.jar;C:\Users\moulinville\.m2\repository\com\dlsc\formsfx\formsfx-core\11.6.0\formsfx-core-11.6.0.jar;C:\Users\moulinville\.m2\repository\org\jetbrains\kotlin\kotlin-stdlib\1.5.10\kotlin-stdlib-1.5.10-modular.jar;C:\Users\moulinville\.m2\repository\com\gluonhq\attach\storage\4.0.9\storage-4.0.9.jar;C:\Users\moulinville\.m2\repository\com\github\almasb\fxgl-core\11.17\fxgl-core-11.17.jar;C:\Users\moulinville\.m2\repository\org\openjfx\javafx-controls\17.0.6\javafx-controls-17.0.6-win.jar;C:\Users\moulinville\.m2\repository\org\openjfx\javafx-graphics\17.0.6\javafx-graphics-17.0.6-win.jar;C:\Users\moulinville\.m2\repository\eu\hansolo\tilesfx\11.48\tilesfx-11.48.jar;C:\Users\moulinville\.m2\repository\org\kordamp\bootstrapfx\bootstrapfx-core\0.4.0\bootstrapfx-core-0.4.0.jar;C:\Users\moulinville\.m2\repository\org\openjfx\javafx-media\17.0.6\javafx-media-17.0.6-win.jar;C:\Users\moulinville\.m2\repository\com\github\almasb\fxgl-entity\11.17\fxgl-entity-11.17.jar;C:\Users\moulinville\.m2\repository\org\openjfx\javafx-web\17.0.6\javafx-web-17.0.6-win.jar;C:\Users\moulinville\.m2\repository\com\gluonhq\attach\util\4.0.9\util-4.0.9.jar;C:\Users\moulinville\.m2\repository\com\github\almasb\fxgl-io\11.17\fxgl-io-11.17.jar;C:\Users\moulinville\.m2\repository\com\github\almasb\fxgl-gameplay\11.17\fxgl-gameplay-11.17.jar;C:\Users\moulinville\.m2\repository\net\synedra\validatorfx\0.4.0\validatorfx-0.4.0.jar;C:\Users\moulinville\.m2\repository\org\openjfx\javafx-fxml\17.0.6\javafx-fxml-17.0.6-win.jar;C:\Users\moulinville\.m2\repository\com\gluonhq\attach\audio\4.0.9\audio-4.0.9.jar-Djdk.module.main=com.miniproject.gestionpatients com.miniproject.gestionpatients/com.miniproject.gestionpatients.GestionApplication

Host: Intel(R) Core(TM) i7-5500U CPU @ 2.40GHz, 4 cores, 7G,  Windows 10 , 64 bit Build 19041 (10.0.19041.3636)
Time: Fri May 17 18:39:18 2024 Paris, Madrid (heure duild 19041 (10.0.19041.3636) elapsed time: 44.271887 seconds (0d 0h 0m 44s)

---------------  T H R E A D  ---------------

Current thread (0x0000018a5c06d800):  JavaThread "JavaFX Application Thread" [_thread_in_native, id=12420, stack(0x00000040c2e00000,0x00000040c2f00000)]

Stack: [0x00000040c2e00000,0x00000040c2f00000],  sp=0x00000040c2efc420,  free space=1009k
Native frames: (J=compiled Java code, j=interpreted, Vv=VM code, C=native code)
C  [glass.dll+0x1bdf6]

Java frames: (J=compiled Java code, j=interpreted, Vv=VM code)
j  com.sun.glass.ui.win.WinWindow._close(J)Z+0 javafx.graphics
j  com.sun.glass.ui.Window.close()V+63 javafx.graphics
j  com.sun.glass.ui.win.WinWindow.close()V+8 javafx.graphics
j  com.sun.glass.ui.Application.terminate()V+75 javafx.graphics
j  com.sun.javafx.tk.quantum.QuantumToolkit.lambda$exit$13()Ljava/lang/Object;+5 javafx.graphics
j  com.sun.javafx.tk.quantum.QuantumToolkit$$Lambda$813.get()Ljava/lang/Object;+0 javafx.graphics
j  com.sun.javafx.tk.quantum.QuantumToolkit.runWithRenderLock(Ljava/util/function/Supplier;)Ljava/lang/Object;+7 javafx.graphics
j  com.sun.javafx.tk.quantum.QuantumToolkit.exit()V+26 javafx.graphics
j  com.sun.javafx.application.PlatformImpl.lambda$tkExit$16()V+3 javafx.graphics
j  com.sun.javafx.application.PlatformImpl$$Lambda$812.run()V+0 javafx.graphics
j  com.sun.javafx.application.PlatformImpl.lambda$runAndWait$12(Ljava/lang/Runnable;Ljava/util/concurrent/CountDownLatch;)V+1 javafx.graphics
j  com.sun.javafx.application.PlatformImpl$$Lambda$97.run()V+8 javafx.graphics
j  com.sun.javafx.application.PlatformImpl.lambda$runLater$10(Ljava/lang/Runnable;)Ljava/lang/Void;+1 javafx.graphics
j  com.sun.javafx.application.PlatformImpl$$Lambda$99.run()Ljava/lang/Object;+4 javafx.graphics
v  ~StubRoutines::call_stub
J 1930  java.security.AccessController.doPrivileged(Ljava/security/PrivilegedAction;Ljava/security/AccessControlContext;)Ljava/lang/Object; java.base@11.0.23 (0 bytes) @ 0x0000018a4c052f26 [0x0000018a4c052ec0+0x0000000000000066]
j  com.sun.javafx.application.PlatformImpl.lambda$runLater$11(Ljava/lang/Runnable;Ljava/security/AccessControlContext;)V+7 javafx.graphics
j  com.sun.javafx.application.PlatformImpl$$Lambda$98.run()V+8 javafx.graphics
J 2212 c1 com.sun.glass.ui.InvokeLaterDispatcher$Future.run()V javafx.graphics (91 bytes) @ 0x0000018a44e3a104 [0x0000018a44e3a000+0x0000000000000104]
v  ~StubRoutines::call_stub
j  com.sun.glass.ui.win.WinApplication._runLoop(Ljava/lang/Runnable;)V+0 javafx.graphics
j  com.sun.glass.ui.win.WinApplication.lambda$runLoop$3(ILjava/lang/Runnable;)V+8 javafx.graphics
j  com.sun.glass.ui.win.WinApplication$$Lambda$82.run()V+12 javafx.graphics
j  java.lang.Thread.run()V+11 java.base@11.0.23
v  ~StubRoutines::call_stub

siginfo: EXCEPTION_ACCESS_VIOLATION (0xc0000005), reading address 0x0000000000000130


Register to memory mapping:

RIP=0x00007ffa5eefbdf6 glass.dll
RAX=0x0 is NULL
RBX=0x0 is NULL
RCX=0x0 is NULL
RDX=0x0 is NULL
RSP=0x00000040c2efc420 is pointing into the stack for thread: 0x0000018a5c06d800
RBP=0x0 is NULL
RSI=0x0000000000000401 is an unknown value
RDI=0x00000040c2efc790 is pointing into the stack for thread: 0x0000018a5c06d800
R8 =0x0 is NULL
R9 =0x00000040c2efc300 is pointing into the stack for thread: 0x0000018a5c06d800
R10=0x00007ffa8e6a3938 USER32.dll
R11=0x0000000000000001 is an unknown value
R12=0x00000040c2efc790 is pointing into the stack for thread: 0x0000018a5c06d800
R13=0x0 is NULL
R14=0x0 is NULL
R15=0x0 is NULL


Registers:
RAX=0x0000000000000000, RBX=0x0000000000000000, RCX=0x0000000000000000, RDX=0x0000000000000000
RSP=0x00000040c2efc420, RBP=0x0000000000000000, RSI=0x0000000000000401, RDI=0x00000040c2efc790
R8 =0x0000000000000000, R9 =0x00000040c2efc300, R10=0x00007ffa8e6a3938, R11=0x0000000000000001
R12=0x00000040c2efc790, R13=0x0000000000000000, R14=0x0000000000000000, R15=0x0000000000000000
RIP=0x00007ffa5eefbdf6, EFLAGS=0x0000000000010202

Top of Stack: (sp=0x00000040c2efc420)
0x00000040c2efc420:   0000000000000578 00000040c2efc430
0x00000040c2efc430:   0000000000180016 00007ffa5ef075c0
0x00000040c2efc440:   00000040c2efc790 00007ffa5eefa871
0x00000040c2efc450:   0000000000000000 00000040c2efc790
0x00000040c2efc460:   0000000000000401 00007ffa5ef075c0
0x00000040c2efc470:   0000018a5bf3c0c0 00007ffa5eeea395
0x00000040c2efc480:   00000040c2efc790 00007ffa8e628401
0x00000040c2efc490:   0000018a5aecc0ed 00007ffa1ccaa0b2
0x00000040c2efc4a0:   0000000000000000 00007ffa5eee17bb
0x00000040c2efc4b0:   0000018a5bf3c0c0 00000040c2efc790
0x00000040c2efc4c0:   0000000000000401 0000000000420630
0x00000040c2efc4d0:   0000000000000401 00007ffa8e5fef75
0x00000040c2efc4e0:   0000000000000001 00000040c2efc6d0
0x00000040c2efc4f0:   0000000000420630 0000000080000022
0x00000040c2efc500:   00000040c2efc790 00000040c2efc770
0x00000040c2efc510:   0000018a5aecc3b0 00007ffa1cca9cc9 

Instructions: (pc=0x00007ffa5eefbdf6)
0x00007ffa5eefbcf6:   85 c0 74 08 48 8b c8 e8 ee 00 00 00 48 c7 05 23
0x00007ffa5eefbd06:   e1 01 00 00 00 00 00 48 83 c4 28 c3 cc cc cc cc
0x00007ffa5eefbd16:   cc cc cc cc cc cc cc cc cc cc 48 89 5c 24 08 57
0x00007ffa5eefbd26:   48 83 ec 30 48 8b fa 48 8b d9 48 39 91 30 01 00
0x00007ffa5eefbd36:   00 0f 84 a5 00 00 00 e8 ae 00 00 00 48 8b 93 30
0x00007ffa5eefbd46:   01 00 00 48 85 d2 75 04 48 8b 53 08 48 89 54 24
0x00007ffa5eefbd56:   20 4c 8b c7 48 85 ff 75 04 4c 8b 43 08 48 8d 0d
0x00007ffa5eefbd66:   a6 e2 00 00 4c 89 44 24 28 e8 bc 78 fe ff 48 8b
0x00007ffa5eefbd76:   4c 24 20 4c 8d 44 24 20 48 8d 15 db f7 ff ff ff
0x00007ffa5eefbd86:   15 05 da 01 00 48 8b 05 6e dd 01 00 48 85 c0 75
0x00007ffa5eefbd96:   04 33 c9 eb 03 8b 48 40 4c 8d 44 24 20 48 8d 15
0x00007ffa5eefbda6:   f6 f7 ff ff ff 15 e8 d9 01 00 48 89 bb 30 01 00
0x00007ffa5eefbdb6:   00 e8 54 38 00 00 4c 8b 05 ed e0 01 00 48 8b c8
0x00007ffa5eefbdc6:   48 8b 93 c0 00 00 00 4c 8b cf e8 db 92 fe ff e8
0x00007ffa5eefbdd6:   36 38 00 00 48 8b c8 e8 4e 37 00 00 48 8b 5c 24
0x00007ffa5eefbde6:   40 48 83 c4 30 5f c3 cc cc cc 40 57 48 83 ec 20
0x00007ffa5eefbdf6:   48 8b 81 30 01 00 00 48 8b f9 48 85 c0 75 04 48
0x00007ffa5eefbe06:   8b 41 08 48 3b 05 20 e0 01 00 75 3b 48 89 5c 24
0x00007ffa5eefbe16:   30 e8 f4 37 00 00 4c 8b 05 7d e0 01 00 48 8b c8
0x00007ffa5eefbe26:   48 8b 97 c0 00 00 00 48 8b d8 e8 7b 92 fe ff 48
0x00007ffa5eefbe36:   8b cb e8 f3 36 00 00 48 8b 5c 24 30 48 c7 05 e3
0x00007ffa5eefbe46:   df 01 00 00 00 00 00 48 83 c4 20 5f c3 cc cc cc
0x00007ffa5eefbe56:   cc cc cc cc cc cc cc cc cc cc 40 53 48 83 ec 50
0x00007ffa5eefbe66:   48 8b 05 5b b3 01 00 48 33 c4 48 89 44 24 40 48
0x00007ffa5eefbe76:   8b d9 48 8b 49 08 ff 15 86 d8 01 00 85 c0 0f 85
0x00007ffa5eefbe86:   1b 01 00 00 48 8b 4b 08 48 8d 54 24 30 ff 15 af
0x00007ffa5eefbe96:   d6 01 00 48 8b 4b 08 48 8d 54 24 20 ff 15 08 d7
0x00007ffa5eefbea6:   01 00 48 8b 4b 08 4c 8d 44 24 20 41 b9 02 00 00
0x00007ffa5eefbeb6:   00 33 d2 ff 15 f9 d6 01 00 8b 44 24 24 2b 44 24
0x00007ffa5eefbec6:   34 44 8b 44 24 20 44 2b 44 24 30 8b 54 24 3c 2b
0x00007ffa5eefbed6:   54 24 2c 8b 4c 24 38 2b 4c 24 28 89 83 1c 01 00
0x00007ffa5eefbee6:   00 44 89 83 18 01 00 00 89 93 24 01 00 00 89 8b 


Stack slot to memory mapping:
stack at sp + 0 slots: 0x0000000000000578 is an unknown value
stack at sp + 1 slots: 0x00000040c2efc430 is pointing into the stack for thread: 0x0000018a5c06d800
stack at sp + 2 slots: 0x0000000000180016 is an unknown value
stack at sp + 3 slots: 0x00007ffa5ef075c0 glass.dll
stack at sp + 4 slots: 0x00000040c2efc790 is pointing into the stack for thread: 0x0000018a5c06d800
stack at sp + 5 slots: 0x00007ffa5eefa871 glass.dll
stack at sp + 6 slots: 0x0 is NULL
stack at sp + 7 slots: 0x00000040c2efc790 is pointing into the stack for thread: 0x0000018a5c06d800


---------------  P R O C E S S  ---------------

Threads class SMR info:
_java_thread_list=0x0000018a5c0eb3a0, length=20, elements={
0x0000018a3bd1e000, 0x0000018a5a51d800, 0x0000018a5a527000, 0x0000018a5aec2800,
0x0000018a5a538000, 0x0000018a5a539800, 0x0000018a5a53c800, 0x0000018a5a547000,
0x0000018a5a54a000, 0x0000018a5a4b1000, 0x0000018a5b3e2800, 0x0000018a5b480800,
0x0000018a5ba7e800, 0x0000018a5c06d800, 0x0000018a5bf83800, 0x0000018a5bf35000,
0x0000018a63422000, 0x0000018a5c4b9000, 0x0000018a5ca4b000, 0x0000018a5b17f800
}

Java Threads: ( => current thread )
  0x0000018a3bd1e000 JavaThread "main" [_thread_blocked, id=9912, stack(0x00000040c1700000,0x00000040c1800000)]
  0x0000018a5a51d800 JavaThread "Reference Handler" daemon [_thread_blocked, id=7484, stack(0x00000040c1e00000,0x00000040c1f00000)]
  0x0000018a5a527000 JavaThread "Finalizer" daemon [_thread_blocked, id=13084, stack(0x00000040c1f00000,0x00000040c2000000)]
  0x0000018a5aec2800 JavaThread "Signal Dispatcher" daemon [_thread_blocked, id=14904, stack(0x00000040c2000000,0x00000040c2100000)]
  0x0000018a5a538000 JavaThread "Attach Listener" daemon [_thread_blocked, id=13492, stack(0x00000040c2100000,0x00000040c2200000)]
  0x0000018a5a539800 JavaThread "Service Thread" daemon [_thread_blocked, id=10216, stack(0x00000040c2200000,0x00000040c2300000)]
  0x0000018a5a53c800 JavaThread "C2 CompilerThread0" daemon [_thread_blocked, id=17720, stack(0x00000040c2300000,0x00000040c2400000)]
  0x0000018a5a547000 JavaThread "C1 CompilerThread0" daemon [_thread_blocked, id=13884, stack(0x00000040c2400000,0x00000040c2500000)]
  0x0000018a5a54a000 JavaThread "Sweeper thread" daemon [_thread_blocked, id=6812, stack(0x00000040c2500000,0x00000040c2600000)]
  0x0000018a5a4b1000 JavaThread "Common-Cleaner" daemon [_thread_blocked, id=15096, stack(0x00000040c2600000,0x00000040c2700000)]
  0x0000018a5b3e2800 JavaThread "Monitor Ctrl-Break" daemon [_thread_in_native, id=17992, stack(0x00000040c2800000,0x00000040c2900000)]
  0x0000018a5b480800 JavaThread "QuantumRenderer-0" daemon [_thread_blocked, id=7516, stack(0x00000040c2c00000,0x00000040c2d00000)]
  0x0000018a5ba7e800 JavaThread "InvokeLaterDispatcher" daemon [_thread_blocked, id=1508, stack(0x00000040c2d00000,0x00000040c2e00000)]
=>0x0000018a5c06d800 JavaThread "JavaFX Application Thread" [_thread_in_native, id=12420, stack(0x00000040c2e00000,0x00000040c2f00000)]
  0x0000018a5bf83800 JavaThread "Thread-1" daemon [_thread_in_native, id=16836, stack(0x00000040c3200000,0x00000040c3300000)]
  0x0000018a5bf35000 JavaThread "JavaFX-Launcher" [_thread_blocked, id=11460, stack(0x00000040c3300000,0x00000040c3400000)]
  0x0000018a63422000 JavaThread "Prism Font Disposer" daemon [_thread_blocked, id=15992, stack(0x00000040c2700000,0x00000040c2800000)]
  0x0000018a5c4b9000 JavaThread "Cleaner-0" daemon [_thread_blocked, id=5644, stack(0x00000040c3a00000,0x00000040c3b00000)]
  0x0000018a5ca4b000 JavaThread "mysql-cj-abandoned-connection-cleanup" daemon [_thread_blocked, id=14892, stack(0x00000040c3800000,0x00000040c3900000)]
  0x0000018a5b17f800 JavaThread "C2 CompilerThread1" daemon [_thread_blocked, id=9572, stack(0x00000040c3b00000,0x00000040c3c00000)]

Other Threads:
  0x0000018a5a4f8000 VMThread "VM Thread" [stack: 0x00000040c1d00000,0x00000040c1e00000] [id=7672]
  0x0000018a5b04d800 WatcherThread [stack: 0x00000040c2900000,0x00000040c2a00000] [id=5380]
  0x0000018a3bd37000 GCTaskThread "GC Thread#0" [stack: 0x00000040c1800000,0x00000040c1900000] [id=2708]
  0x0000018a5b7a9000 GCTaskThread "GC Thread#1" [stack: 0x00000040c2a00000,0x00000040c2b00000] [id=10064]
  0x0000018a5b7ab800 GCTaskThread "GC Thread#2" [stack: 0x00000040c2b00000,0x00000040c2c00000] [id=16684]
  0x0000018a5b7aa800 GCTaskThread "GC Thread#3" [stack: 0x00000040c3700000,0x00000040c3800000] [id=13848]
  0x0000018a3bd67800 ConcurrentGCThread "G1 Main Marker" [stack: 0x00000040c1900000,0x00000040c1a00000] [id=2092]
  0x0000018a3bd6c000 ConcurrentGCThread "G1 Conc#0" [stack: 0x00000040c1a00000,0x00000040c1b00000] [id=5248]
  0x0000018a5a360800 ConcurrentGCThread "G1 Refine#0" [stack: 0x00000040c1b00000,0x00000040c1c00000] [id=6772]
  0x0000018a5a361800 ConcurrentGCThread "G1 Young RemSet Sampling" [stack: 0x00000040c1c00000,0x00000040c1d00000] [id=11056]

Threads with active compile tasks:

VM state:not at safepoint (normal execution)

VM Mutex/Monitor currently owned by a thread: None

Heap address: 0x0000000081400000, size: 2028 MB, Compressed Oops mode: 32-bit
Narrow klass base: 0x0000000000000000, Narrow klass shift: 3
Compressed class space size: 1073741824 Address: 0x0000000100000000

Heap:
 garbage-first heap   total 131072K, used 92160K [0x0000000081400000, 0x0000000100000000)
  region size 1024K, 19 young (19456K), 5 survivors (5120K)
 Metaspace       used 33477K, capacity 34839K, committed 34992K, reserved 1079296K
  class space    used 4045K, capacity 4603K, committed 4608K, reserved 1048576K
Heap Regions: E=young(eden), S=young(survivor), O=old, HS=humongous(starts), HC=humongous(continues), CS=collection set, F=free, A=archive, TAMS=top-at-mark-start (previous, next)
|   0|0x0000000081400000, 0x0000000081500000, 0x0000000081500000|100%|HS|  |TAMS 0x0000000081500000, 0x0000000081400000| Complete 
|   1|0x0000000081500000, 0x0000000081600000, 0x0000000081600000|100%|HC|  |TAMS 0x0000000081600000, 0x0000000081500000| Complete 
|   2|0x0000000081600000, 0x0000000081700000, 0x0000000081700000|100%|HS|  |TAMS 0x0000000081700000, 0x0000000081600000| Complete 
|   3|0x0000000081700000, 0x0000000081800000, 0x0000000081800000|100%|HC|  |TAMS 0x0000000081800000, 0x0000000081700000| Complete 
|   4|0x0000000081800000, 0x0000000081900000, 0x0000000081900000|100%|HS|  |TAMS 0x0000000081900000, 0x0000000081800000| Complete 
|   5|0x0000000081900000, 0x0000000081a00000, 0x0000000081a00000|100%|HC|  |TAMS 0x0000000081a00000, 0x0000000081900000| Complete 
|   6|0x0000000081a00000, 0x0000000081b00000, 0x0000000081b00000|100%|HS|  |TAMS 0x0000000081b00000, 0x0000000081a00000| Complete 
|   7|0x0000000081b00000, 0x0000000081c00000, 0x0000000081c00000|100%|HC|  |TAMS 0x0000000081c00000, 0x0000000081b00000| Complete 
|   8|0x0000000081c00000, 0x0000000081d00000, 0x0000000081d00000|100%|HS|  |TAMS 0x0000000081d00000, 0x0000000081c00000| Complete 
|   9|0x0000000081d00000, 0x0000000081e00000, 0x0000000081e00000|100%|HC|  |TAMS 0x0000000081e00000, 0x0000000081d00000| Complete 
|  10|0x0000000081e00000, 0x0000000081f00000, 0x0000000081f00000|100%|HS|  |TAMS 0x0000000081f00000, 0x0000000081e00000| Complete 
|  11|0x0000000081f00000, 0x0000000082000000, 0x0000000082000000|100%|HC|  |TAMS 0x0000000082000000, 0x0000000081f00000| Complete 
|  12|0x0000000082000000, 0x0000000082100000, 0x0000000082100000|100%|HS|  |TAMS 0x0000000082100000, 0x0000000082000000| Complete 
|  13|0x0000000082100000, 0x0000000082200000, 0x0000000082200000|100%|HC|  |TAMS 0x0000000082200000, 0x0000000082100000| Complete 
|  14|0x0000000082200000, 0x0000000082300000, 0x0000000082300000|100%|HS|  |TAMS 0x0000000082300000, 0x0000000082200000| Complete 
|  15|0x0000000082300000, 0x0000000082400000, 0x0000000082400000|100%|HC|  |TAMS 0x0000000082400000, 0x0000000082300000| Complete 
|  16|0x0000000082400000, 0x0000000082500000, 0x0000000082500000|100%|HS|  |TAMS 0x0000000082500000, 0x0000000082400000| Complete 
|  17|0x0000000082500000, 0x0000000082600000, 0x0000000082600000|100%|HC|  |TAMS 0x0000000082600000, 0x0000000082500000| Complete 
|  18|0x0000000082600000, 0x0000000082700000, 0x0000000082700000|100%| O|  |TAMS 0x0000000082700000, 0x0000000082600000| Untracked 
|  19|0x0000000082700000, 0x0000000082800000, 0x0000000082800000|100%| O|  |TAMS 0x0000000082800000, 0x0000000082700000| Untracked 
|  20|0x0000000082800000, 0x0000000082900000, 0x0000000082900000|100%| O|  |TAMS 0x0000000082900000, 0x0000000082800000| Untracked 
|  21|0x0000000082900000, 0x0000000082a00000, 0x0000000082a00000|100%| O|  |TAMS 0x0000000082a00000, 0x0000000082900000| Untracked 
|  22|0x0000000082a00000, 0x0000000082b00000, 0x0000000082b00000|100%| O|  |TAMS 0x0000000082b00000, 0x0000000082a00000| Untracked 
|  23|0x0000000082b00000, 0x0000000082c00000, 0x0000000082c00000|100%| O|  |TAMS 0x0000000082c00000, 0x0000000082b00000| Untracked 
|  24|0x0000000082c00000, 0x0000000082d00000, 0x0000000082d00000|100%| O|  |TAMS 0x0000000082d00000, 0x0000000082c00000| Untracked 
|  25|0x0000000082d00000, 0x0000000082e00000, 0x0000000082e00000|100%| O|  |TAMS 0x0000000082e00000, 0x0000000082d00000| Untracked 
|  26|0x0000000082e00000, 0x0000000082f00000, 0x0000000082f00000|100%|HS|  |TAMS 0x0000000082f00000, 0x0000000082e00000| Complete 
|  27|0x0000000082f00000, 0x0000000083000000, 0x0000000083000000|100%|HC|  |TAMS 0x0000000083000000, 0x0000000082f00000| Complete 
|  28|0x0000000083000000, 0x0000000083100000, 0x0000000083100000|100%|HS|  |TAMS 0x0000000083100000, 0x0000000083000000| Complete 
|  29|0x0000000083100000, 0x0000000083200000, 0x0000000083200000|100%|HC|  |TAMS 0x0000000083200000, 0x0000000083100000| Complete 
|  30|0x0000000083200000, 0x0000000083300000, 0x0000000083300000|100%|HS|  |TAMS 0x0000000083300000, 0x0000000083200000| Complete 
|  31|0x0000000083300000, 0x0000000083400000, 0x0000000083400000|100%|HC|  |TAMS 0x0000000083400000, 0x0000000083300000| Complete 
|  32|0x0000000083400000, 0x0000000083500000, 0x0000000083500000|100%|HS|  |TAMS 0x0000000083500000, 0x0000000083400000| Complete 
|  33|0x0000000083500000, 0x0000000083600000, 0x0000000083600000|100%|HC|  |TAMS 0x0000000083600000, 0x0000000083500000| Complete 
|  34|0x0000000083600000, 0x0000000083700000, 0x0000000083700000|100%|HS|  |TAMS 0x0000000083700000, 0x0000000083600000| Complete 
|  35|0x0000000083700000, 0x0000000083800000, 0x0000000083800000|100%|HC|  |TAMS 0x0000000083800000, 0x0000000083700000| Complete 
|  36|0x0000000083800000, 0x0000000083900000, 0x0000000083900000|100%|HS|  |TAMS 0x0000000083900000, 0x0000000083800000| Complete 
|  37|0x0000000083900000, 0x0000000083a00000, 0x0000000083a00000|100%|HC|  |TAMS 0x0000000083a00000, 0x0000000083900000| Complete 
|  38|0x0000000083a00000, 0x0000000083b00000, 0x0000000083b00000|100%|HS|  |TAMS 0x0000000083b00000, 0x0000000083a00000| Complete 
|  39|0x0000000083b00000, 0x0000000083c00000, 0x0000000083c00000|100%|HC|  |TAMS 0x0000000083c00000, 0x0000000083b00000| Complete 
|  40|0x0000000083c00000, 0x0000000083d00000, 0x0000000083d00000|100%|HS|  |TAMS 0x0000000083d00000, 0x0000000083c00000| Complete 
|  41|0x0000000083d00000, 0x0000000083e00000, 0x0000000083e00000|100%|HC|  |TAMS 0x0000000083e00000, 0x0000000083d00000| Complete 
|  42|0x0000000083e00000, 0x0000000083f00000, 0x0000000083f00000|100%|HS|  |TAMS 0x0000000083f00000, 0x0000000083e00000| Complete 
|  43|0x0000000083f00000, 0x0000000084000000, 0x0000000084000000|100%|HC|  |TAMS 0x0000000084000000, 0x0000000083f00000| Complete 
|  44|0x0000000084000000, 0x0000000084100000, 0x0000000084100000|100%|HS|  |TAMS 0x0000000084100000, 0x0000000084000000| Complete 
|  45|0x0000000084100000, 0x0000000084200000, 0x0000000084200000|100%|HC|  |TAMS 0x0000000084200000, 0x0000000084100000| Complete 
|  46|0x0000000084200000, 0x0000000084300000, 0x0000000084300000|100%|HS|  |TAMS 0x0000000084300000, 0x0000000084200000| Complete 
|  47|0x0000000084300000, 0x0000000084400000, 0x0000000084400000|100%|HC|  |TAMS 0x0000000084400000, 0x0000000084300000| Complete 
|  48|0x0000000084400000, 0x0000000084500000, 0x0000000084500000|100%|HS|  |TAMS 0x0000000084500000, 0x0000000084400000| Complete 
|  49|0x0000000084500000, 0x0000000084600000, 0x0000000084600000|100%|HC|  |TAMS 0x0000000084600000, 0x0000000084500000| Complete 
|  50|0x0000000084600000, 0x0000000084700000, 0x0000000084700000|100%|HS|  |TAMS 0x0000000084700000, 0x0000000084600000| Complete 
|  51|0x0000000084700000, 0x0000000084800000, 0x0000000084800000|100%|HC|  |TAMS 0x0000000084800000, 0x0000000084700000| Complete 
|  52|0x0000000084800000, 0x0000000084900000, 0x0000000084900000|100%|HS|  |TAMS 0x0000000084900000, 0x0000000084800000| Complete 
|  53|0x0000000084900000, 0x0000000084a00000, 0x0000000084a00000|100%|HC|  |TAMS 0x0000000084a00000, 0x0000000084900000| Complete 
|  54|0x0000000084a00000, 0x0000000084b00000, 0x0000000084b00000|100%|HS|  |TAMS 0x0000000084b00000, 0x0000000084a00000| Complete 
|  55|0x0000000084b00000, 0x0000000084c00000, 0x0000000084c00000|100%|HC|  |TAMS 0x0000000084c00000, 0x0000000084b00000| Complete 
|  56|0x0000000084c00000, 0x0000000084d00000, 0x0000000084d00000|100%|HS|  |TAMS 0x0000000084d00000, 0x0000000084c00000| Complete 
|  57|0x0000000084d00000, 0x0000000084e00000, 0x0000000084e00000|100%|HC|  |TAMS 0x0000000084e00000, 0x0000000084d00000| Complete 
|  58|0x0000000084e00000, 0x0000000084f00000, 0x0000000084f00000|100%| O|  |TAMS 0x0000000084f00000, 0x0000000084e00000| Untracked 
|  59|0x0000000084f00000, 0x0000000085000000, 0x0000000085000000|100%| O|  |TAMS 0x0000000085000000, 0x0000000084f00000| Untracked 
|  60|0x0000000085000000, 0x0000000085100000, 0x0000000085100000|100%| O|  |TAMS 0x0000000085100000, 0x0000000085000000| Untracked 
|  61|0x0000000085100000, 0x0000000085200000, 0x0000000085200000|100%| O|  |TAMS 0x0000000085200000, 0x0000000085100000| Untracked 
|  62|0x0000000085200000, 0x0000000085300000, 0x0000000085300000|100%| O|  |TAMS 0x0000000085300000, 0x0000000085200000| Untracked 
|  63|0x0000000085300000, 0x0000000085400000, 0x0000000085400000|100%| O|  |TAMS 0x00000000853d9200, 0x0000000085300000| Untracked 
|  64|0x0000000085400000, 0x0000000085500000, 0x0000000085500000|100%|HS|  |TAMS 0x0000000085400000, 0x0000000085400000| Complete 
|  65|0x0000000085500000, 0x0000000085600000, 0x0000000085600000|100%|HC|  |TAMS 0x0000000085500000, 0x0000000085500000| Complete 
|  66|0x0000000085600000, 0x0000000085700000, 0x0000000085700000|100%|HS|  |TAMS 0x0000000085600000, 0x0000000085600000| Complete 
|  67|0x0000000085700000, 0x0000000085800000, 0x0000000085800000|100%|HC|  |TAMS 0x0000000085700000, 0x0000000085700000| Complete 
|  68|0x0000000085800000, 0x0000000085900000, 0x0000000085900000|100%|HS|  |TAMS 0x0000000085800000, 0x0000000085800000| Complete 
|  69|0x0000000085900000, 0x0000000085a00000, 0x0000000085a00000|100%|HC|  |TAMS 0x0000000085900000, 0x0000000085900000| Complete 
|  70|0x0000000085a00000, 0x0000000085b00000, 0x0000000085b00000|100%| O|  |TAMS 0x0000000085a00000, 0x0000000085a00000| Untracked 
|  71|0x0000000085b00000, 0x0000000085c00000, 0x0000000085c00000|100%| O|  |TAMS 0x0000000085b00000, 0x0000000085b00000| Untracked 
|  72|0x0000000085c00000, 0x0000000085c00000, 0x0000000085d00000|  0%| F|  |TAMS 0x0000000085c00000, 0x0000000085c00000| Untracked 
|  73|0x0000000085d00000, 0x0000000085d00000, 0x0000000085e00000|  0%| F|  |TAMS 0x0000000085d00000, 0x0000000085d00000| Untracked 
|  74|0x0000000085e00000, 0x0000000085e00000, 0x0000000085f00000|  0%| F|  |TAMS 0x0000000085e00000, 0x0000000085e00000| Untracked 
|  75|0x0000000085f00000, 0x0000000085f00000, 0x0000000086000000|  0%| F|  |TAMS 0x0000000085f00000, 0x0000000085f00000| Untracked 
|  76|0x0000000086000000, 0x0000000086000000, 0x0000000086100000|  0%| F|  |TAMS 0x0000000086000000, 0x0000000086000000| Untracked 
|  77|0x0000000086100000, 0x0000000086100000, 0x0000000086200000|  0%| F|  |TAMS 0x0000000086100000, 0x0000000086100000| Untracked 
|  78|0x0000000086200000, 0x0000000086200000, 0x0000000086300000|  0%| F|  |TAMS 0x0000000086200000, 0x0000000086200000| Untracked 
|  79|0x0000000086300000, 0x0000000086300000, 0x0000000086400000|  0%| F|  |TAMS 0x0000000086300000, 0x0000000086300000| Untracked 
|  80|0x0000000086400000, 0x0000000086400000, 0x0000000086500000|  0%| F|  |TAMS 0x0000000086400000, 0x0000000086400000| Untracked 
|  81|0x0000000086500000, 0x0000000086500000, 0x0000000086600000|  0%| F|  |TAMS 0x0000000086500000, 0x0000000086500000| Untracked 
|  82|0x0000000086600000, 0x0000000086600000, 0x0000000086700000|  0%| F|  |TAMS 0x0000000086600000, 0x0000000086600000| Untracked 
|  83|0x0000000086700000, 0x0000000086700000, 0x0000000086800000|  0%| F|  |TAMS 0x0000000086700000, 0x0000000086700000| Untracked 
|  84|0x0000000086800000, 0x0000000086800000, 0x0000000086900000|  0%| F|  |TAMS 0x0000000086800000, 0x0000000086800000| Untracked 
|  85|0x0000000086900000, 0x0000000086900000, 0x0000000086a00000|  0%| F|  |TAMS 0x0000000086900000, 0x0000000086900000| Untracked 
|  86|0x0000000086a00000, 0x0000000086a00000, 0x0000000086b00000|  0%| F|  |TAMS 0x0000000086a00000, 0x0000000086a00000| Untracked 
|  87|0x0000000086b00000, 0x0000000086c00000, 0x0000000086c00000|100%| S|CS|TAMS 0x0000000086b00000, 0x0000000086b00000| Complete 
|  88|0x0000000086c00000, 0x0000000086d00000, 0x0000000086d00000|100%| S|CS|TAMS 0x0000000086c00000, 0x0000000086c00000| Complete 
|  89|0x0000000086d00000, 0x0000000086e00000, 0x0000000086e00000|100%| S|CS|TAMS 0x0000000086d00000, 0x0000000086d00000| Complete 
|  90|0x0000000086e00000, 0x0000000086f00000, 0x0000000086f00000|100%| S|CS|TAMS 0x0000000086e00000, 0x0000000086e00000| Complete 
|  91|0x0000000086f00000, 0x0000000087000000, 0x0000000087000000|100%| S|CS|TAMS 0x0000000086f00000, 0x0000000086f00000| Complete 
|  92|0x0000000087000000, 0x0000000087000000, 0x0000000087100000|  0%| F|  |TAMS 0x0000000087000000, 0x0000000087000000| Untracked 
|  93|0x0000000087100000, 0x0000000087100000, 0x0000000087200000|  0%| F|  |TAMS 0x0000000087100000, 0x0000000087100000| Untracked 
|  94|0x0000000087200000, 0x0000000087200000, 0x0000000087300000|  0%| F|  |TAMS 0x0000000087200000, 0x0000000087200000| Untracked 
|  95|0x0000000087300000, 0x0000000087300000, 0x0000000087400000|  0%| F|  |TAMS 0x0000000087300000, 0x0000000087300000| Untracked 
|  96|0x0000000087400000, 0x0000000087400000, 0x0000000087500000|  0%| F|  |TAMS 0x0000000087400000, 0x0000000087400000| Untracked 
|  97|0x0000000087500000, 0x0000000087500000, 0x0000000087600000|  0%| F|  |TAMS 0x0000000087500000, 0x0000000087500000| Untracked 
|  98|0x0000000087600000, 0x0000000087600000, 0x0000000087700000|  0%| F|  |TAMS 0x0000000087600000, 0x0000000087600000| Untracked 
|  99|0x0000000087700000, 0x0000000087700000, 0x0000000087800000|  0%| F|  |TAMS 0x0000000087700000, 0x0000000087700000| Untracked 
| 100|0x0000000087800000, 0x0000000087800000, 0x0000000087900000|  0%| F|  |TAMS 0x0000000087800000, 0x0000000087800000| Untracked 
| 101|0x0000000087900000, 0x0000000087900000, 0x0000000087a00000|  0%| F|  |TAMS 0x0000000087900000, 0x0000000087900000| Untracked 
| 102|0x0000000087a00000, 0x0000000087a00000, 0x0000000087b00000|  0%| F|  |TAMS 0x0000000087a00000, 0x0000000087a00000| Untracked 
| 103|0x0000000087b00000, 0x0000000087b00000, 0x0000000087c00000|  0%| F|  |TAMS 0x0000000087b00000, 0x0000000087b00000| Untracked 
| 104|0x0000000087c00000, 0x0000000087c00000, 0x0000000087d00000|  0%| F|  |TAMS 0x0000000087c00000, 0x0000000087c00000| Untracked 
| 105|0x0000000087d00000, 0x0000000087d00000, 0x0000000087e00000|  0%| F|  |TAMS 0x0000000087d00000, 0x0000000087d00000| Untracked 
| 106|0x0000000087e00000, 0x0000000087e00000, 0x0000000087f00000|  0%| F|  |TAMS 0x0000000087e00000, 0x0000000087e00000| Untracked 
| 107|0x0000000087f00000, 0x0000000087f00000, 0x0000000088000000|  0%| F|  |TAMS 0x0000000087f00000, 0x0000000087f00000| Untracked 
| 108|0x0000000088000000, 0x0000000088000000, 0x0000000088100000|  0%| F|  |TAMS 0x0000000088000000, 0x0000000088000000| Untracked 
| 109|0x0000000088100000, 0x0000000088100000, 0x0000000088200000|  0%| F|  |TAMS 0x0000000088100000, 0x0000000088100000| Untracked 
| 110|0x0000000088200000, 0x0000000088200000, 0x0000000088300000|  0%| F|  |TAMS 0x0000000088200000, 0x0000000088200000| Untracked 
| 111|0x0000000088300000, 0x0000000088300000, 0x0000000088400000|  0%| F|  |TAMS 0x0000000088300000, 0x0000000088300000| Untracked 
| 112|0x0000000088400000, 0x0000000088400000, 0x0000000088500000|  0%| F|  |TAMS 0x0000000088400000, 0x0000000088400000| Untracked 
| 113|0x0000000088500000, 0x0000000088500000, 0x0000000088600000|  0%| F|  |TAMS 0x0000000088500000, 0x0000000088500000| Untracked 
| 114|0x0000000088600000, 0x00000000886f62d8, 0x0000000088700000| 96%| E|  |TAMS 0x0000000088600000, 0x0000000088600000| Complete 
| 115|0x0000000088700000, 0x0000000088800000, 0x0000000088800000|100%| E|CS|TAMS 0x0000000088700000, 0x0000000088700000| Complete 
| 116|0x0000000088800000, 0x0000000088900000, 0x0000000088900000|100%| E|CS|TAMS 0x0000000088800000, 0x0000000088800000| Complete 
| 117|0x0000000088900000, 0x0000000088a00000, 0x0000000088a00000|100%| E|CS|TAMS 0x0000000088900000, 0x0000000088900000| Complete 
| 118|0x0000000088a00000, 0x0000000088b00000, 0x0000000088b00000|100%| E|CS|TAMS 0x0000000088a00000, 0x0000000088a00000| Complete 
| 119|0x0000000088b00000, 0x0000000088c00000, 0x0000000088c00000|100%| E|CS|TAMS 0x0000000088b00000, 0x0000000088b00000| Complete 
| 120|0x0000000088c00000, 0x0000000088d00000, 0x0000000088d00000|100%| E|CS|TAMS 0x0000000088c00000, 0x0000000088c00000| Complete 
| 121|0x0000000088d00000, 0x0000000088e00000, 0x0000000088e00000|100%| E|CS|TAMS 0x0000000088d00000, 0x0000000088d00000| Complete 
| 122|0x0000000088e00000, 0x0000000088f00000, 0x0000000088f00000|100%| E|CS|TAMS 0x0000000088e00000, 0x0000000088e00000| Complete 
| 123|0x0000000088f00000, 0x0000000089000000, 0x0000000089000000|100%| E|CS|TAMS 0x0000000088f00000, 0x0000000088f00000| Complete 
| 124|0x0000000089000000, 0x0000000089100000, 0x0000000089100000|100%| E|CS|TAMS 0x0000000089000000, 0x0000000089000000| Complete 
| 125|0x0000000089100000, 0x0000000089200000, 0x0000000089200000|100%| E|CS|TAMS 0x0000000089100000, 0x0000000089100000| Complete 
| 126|0x0000000089200000, 0x0000000089300000, 0x0000000089300000|100%| E|CS|TAMS 0x0000000089200000, 0x0000000089200000| Complete 
| 127|0x0000000089300000, 0x0000000089400000, 0x0000000089400000|100%| E|CS|TAMS 0x0000000089300000, 0x0000000089300000| Complete 

Card table byte_map: [0x0000018a538c0000,0x0000018a53cc0000] _byte_map_base: 0x0000018a534b6000

Marking Bits (Prev, Next): (CMBitMap*) 0x0000018a3bd5ec78, (CMBitMap*) 0x0000018a3bd5ecb0
 Prev Bits: [0x0000018a540c0000, 0x0000018a56070000)
 Next Bits: [0x0000018a56070000, 0x0000018a58020000)

Polling page: 0x0000018a39d30000

Metaspace:

Usage:
  Non-class:     29.53 MB capacity,    28.74 MB ( 97%) used,   650.69 KB (  2%) free+waste,   153.69 KB ( <1%) overhead. 
      Class:      4.50 MB capacity,     3.95 MB ( 88%) used,   480.50 KB ( 10%) free+waste,    76.94 KB (  2%) overhead. 
       Both:     34.02 MB capacity,    32.69 MB ( 96%) used,     1.10 MB (  3%) free+waste,   230.62 KB ( <1%) overhead. 

Virtual space:
  Non-class space:       30.00 MB reserved,      29.67 MB ( 99%) committed 
      Class space:        1.00 GB reserved,       4.50 MB ( <1%) committed 
             Both:        1.03 GB reserved,      34.17 MB (  3%) committed 

Chunk freelists:
   Non-Class:  20.00 KB
       Class:  5.00 KB
        Both:  25.00 KB

MaxMetaspaceSize: 17179869184.00 GB
CompressedClassSpaceSize: 1.00 GB
Initial GC threshold: 20.80 MB
Current GC threshold: 54.25 MB
CDS: off

CodeHeap 'non-profiled nmethods': size=120064Kb used=2418Kb max_used=2418Kb free=117645Kb
 bounds [0x0000018a4bf80000, 0x0000018a4c1f0000, 0x0000018a534c0000]
CodeHeap 'profiled nmethods': size=120000Kb used=11606Kb max_used=11606Kb free=108393Kb
 bounds [0x0000018a44a50000, 0x0000018a455b0000, 0x0000018a4bf80000]
CodeHeap 'non-nmethods': size=5696Kb used=1499Kb max_used=1559Kb free=4196Kb
 bounds [0x0000018a444c0000, 0x0000018a44730000, 0x0000018a44a50000]
 total_blobs=6079 nmethods=5225 adapters=766
 compilation: enabled
              stopped_count=0, restarted_count=0
 full_count=0

Compilation events (20 events):
Event: 44.211 Thread 0x0000018a5a547000 5226       3       java.nio.ByteBuffer::clear (7 bytes)
Event: 44.211 Thread 0x0000018a5a547000 nmethod 5226 0x0000018a4559f210 code [0x0000018a4559f3c0, 0x0000018a4559f538]
Event: 44.211 Thread 0x0000018a5a547000 5224       3       java.io.OutputStreamWriter::flushBuffer (8 bytes)
Event: 44.211 Thread 0x0000018a5a547000 nmethod 5224 0x0000018a4559f610 code [0x0000018a4559f7c0, 0x0000018a4559f908]
Event: 44.211 Thread 0x0000018a5a547000 5225   !   3       sun.nio.cs.StreamEncoder::flushBuffer (42 bytes)
Event: 44.212 Thread 0x0000018a5a547000 nmethod 5225 0x0000018a4559fa10 code [0x0000018a4559fc20, 0x0000018a455a0198]
Event: 44.212 Thread 0x0000018a5a547000 5230       3       java.io.Writer::write (11 bytes)
Event: 44.212 Thread 0x0000018a5a547000 nmethod 5230 0x0000018a455a0410 code [0x0000018a455a05e0, 0x0000018a455a08a8]
Event: 44.213 Thread 0x0000018a5a547000 5227   !   3       java.io.BufferedWriter::flushBuffer (53 bytes)
Event: 44.213 Thread 0x0000018a5a547000 nmethod 5227 0x0000018a455a0a10 code [0x0000018a455a0c00, 0x0000018a455a1198]
Event: 44.213 Thread 0x0000018a5a547000 5228   !   3       java.nio.charset.CharsetEncoder::encode (285 bytes)
Event: 44.215 Thread 0x0000018a5a547000 nmethod 5228 0x0000018a455a1410 code [0x0000018a455a1740, 0x0000018a455a2a58]
Event: 44.215 Thread 0x0000018a5a547000 5229       3       sun.nio.cs.UTF_8$Encoder::encodeLoop (28 bytes)
Event: 44.216 Thread 0x0000018a5a547000 nmethod 5229 0x0000018a455a3090 code [0x0000018a455a3280, 0x0000018a455a3658]
Event: 44.216 Thread 0x0000018a5a547000 5231       3       sun.nio.cs.StreamEncoder::implWrite (15 bytes)
Event: 44.216 Thread 0x0000018a5a547000 nmethod 5231 0x0000018a455a3790 code [0x0000018a455a39a0, 0x0000018a455a3e48]
Event: 44.217 Thread 0x0000018a5a547000 5232       3       java.io.BufferedWriter::newLine (8 bytes)
Event: 44.218 Thread 0x0000018a5a547000 nmethod 5232 0x0000018a455a4110 code [0x0000018a455a4300, 0x0000018a455a4688]
Event: 44.218 Thread 0x0000018a5a547000 5233   !   3       sun.nio.cs.StreamEncoder::write (78 bytes)
Event: 44.220 Thread 0x0000018a5a547000 nmethod 5233 0x0000018a455a4810 code [0x0000018a455a4a80, 0x0000018a455a5548]

GC Heap History (10 events):
Event: 0.544 GC heap before
{Heap before GC invocations=0 (full 0):
 garbage-first heap   total 131072K, used 13312K [0x0000000081400000, 0x0000000100000000)
  region size 1024K, 14 young (14336K), 0 survivors (0K)
 Metaspace       used 7841K, capacity 7990K, committed 8192K, reserved 1056768K
  class space    used 709K, capacity 767K, committed 768K, reserved 1048576K
}
Event: 0.547 GC heap after
{Heap after GC invocations=1 (full 0):
 garbage-first heap   total 131072K, used 1867K [0x0000000081400000, 0x0000000100000000)
  region size 1024K, 2 young (2048K), 2 survivors (2048K)
 Metaspace       used 7841K, capacity 7990K, committed 8192K, reserved 1056768K
  class space    used 709K, capacity 767K, committed 768K, reserved 1048576K
}
Event: 1.775 GC heap before
{Heap before GC invocations=1 (full 0):
 garbage-first heap   total 131072K, used 41803K [0x0000000081400000, 0x0000000100000000)
  region size 1024K, 43 young (44032K), 2 survivors (2048K)
 Metaspace       used 20565K, capacity 21152K, committed 21296K, reserved 1069056K
  class space    used 2405K, capacity 2637K, committed 2688K, reserved 1048576K
}
Event: 1.792 GC heap after
{Heap after GC invocations=2 (full 0):
 garbage-first heap   total 131072K, used 7923K [0x0000000081400000, 0x0000000100000000)
  region size 1024K, 8 young (8192K), 8 survivors (8192K)
 Metaspace       used 20565K, capacity 21152K, committed 21296K, reserved 1069056K
  class space    used 2405K, capacity 2637K, committed 2688K, reserved 1048576K
}
Event: 18.452 GC heap before
{Heap before GC invocations=3 (full 0):
 garbage-first heap   total 131072K, used 70387K [0x0000000081400000, 0x0000000100000000)
  region size 1024K, 52 young (53248K), 8 survivors (8192K)
 Metaspace       used 30964K, capacity 32127K, committed 32176K, reserved 1077248K
  class space    used 3826K, capacity 4321K, committed 4352K, reserved 1048576K
}
Event: 18.471 GC heap after
{Heap after GC invocations=4 (full 0):
 garbage-first heap   total 131072K, used 32553K [0x0000000081400000, 0x0000000100000000)
  region size 1024K, 7 young (7168K), 7 survivors (7168K)
 Metaspace       used 30964K, capacity 32127K, committed 32176K, reserved 1077248K
  class space    used 3826K, capacity 4321K, committed 4352K, reserved 1048576K
}
Event: 32.245 GC heap before
{Heap before GC invocations=4 (full 0):
 garbage-first heap   total 131072K, used 74537K [0x0000000081400000, 0x0000000100000000)
  region size 1024K, 17 young (17408K), 7 survivors (7168K)
 Metaspace       used 31897K, capacity 33091K, committed 33328K, reserved 1079296K
  class space    used 3904K, capacity 4408K, committed 4480K, reserved 1048576K
}
Event: 32.259 GC heap after
{Heap after GC invocations=5 (full 0):
 garbage-first heap   total 131072K, used 66938K [0x0000000081400000, 0x0000000100000000)
  region size 1024K, 2 young (2048K), 2 survivors (2048K)
 Metaspace       used 31897K, capacity 33091K, committed 33328K, reserved 1079296K
  class space    used 3904K, capacity 4408K, committed 4480K, reserved 1048576K
}
Event: 38.313 GC heap before
{Heap before GC invocations=6 (full 0):
 garbage-first heap   total 131072K, used 107898K [0x0000000081400000, 0x0000000100000000)
  region size 1024K, 36 young (36864K), 2 survivors (2048K)
 Metaspace       used 33256K, capacity 34618K, committed 34736K, reserved 1079296K
  class space    used 4036K, capacity 4593K, committed 4608K, reserved 1048576K
}
Event: 38.331 GC heap after
{Heap after GC invocations=7 (full 0):
 garbage-first heap   total 131072K, used 78848K [0x0000000081400000, 0x0000000100000000)
  region size 1024K, 5 young (5120K), 5 survivors (5120K)
 Metaspace       used 33256K, capacity 34618K, committed 34736K, reserved 1079296K
  class space    used 4036K, capacity 4593K, committed 4608K, reserved 1048576K
}

Deoptimization events (20 events):
Event: 41.436 Thread 0x0000018a5c06d800 Uncommon trap: trap_request=0xffffffbe fr.pc=0x0000018a4c1a2640 relative=0x0000000000005d20
Event: 41.436 Thread 0x0000018a5c06d800 Uncommon trap: reason=profile_predicate action=maybe_recompile pc=0x0000018a4c1a2640 method=javafx.scene.CssStyleHelper.transitionToState(Ljavafx/scene/Node;)V @ 291 c2
Event: 41.436 Thread 0x0000018a5c06d800 DEOPT PACKING pc=0x0000018a4c1a2640 sp=0x00000040c2ef4740
Event: 41.436 Thread 0x0000018a5c06d800 DEOPT UNPACKING pc=0x0000018a4450a1af sp=0x00000040c2ef46d8 mode 2
Event: 41.436 Thread 0x0000018a5c06d800 Uncommon trap: trap_request=0xffffffbe fr.pc=0x0000018a4c1a2640 relative=0x0000000000005d20
Event: 41.436 Thread 0x0000018a5c06d800 Uncommon trap: reason=profile_predicate action=maybe_recompile pc=0x0000018a4c1a2640 method=javafx.scene.CssStyleHelper.transitionToState(Ljavafx/scene/Node;)V @ 291 c2
Event: 41.436 Thread 0x0000018a5c06d800 DEOPT PACKING pc=0x0000018a4c1a2640 sp=0x00000040c2ef4740
Event: 41.436 Thread 0x0000018a5c06d800 DEOPT UNPACKING pc=0x0000018a4450a1af sp=0x00000040c2ef46d8 mode 2
Event: 43.730 Thread 0x0000018a5c06d800 Uncommon trap: trap_request=0xffffff76 fr.pc=0x0000018a4c1d3328 relative=0x0000000000000f48
Event: 43.730 Thread 0x0000018a5c06d800 Uncommon trap: reason=loop_limit_check action=maybe_recompile pc=0x0000018a4c1d3328 method=javafx.scene.Parent.pickChildrenNode(Lcom/sun/javafx/geom/PickRay;Lcom/sun/javafx/scene/input/PickResultChooser;)Z @ 17 c2
Event: 43.730 Thread 0x0000018a5c06d800 DEOPT PACKING pc=0x0000018a4c1d3328 sp=0x00000040c2ef4440
Event: 43.730 Thread 0x0000018a5c06d800 DEOPT UNPACKING pc=0x0000018a4450a1af sp=0x00000040c2ef41f0 mode 2
Event: 44.155 Thread 0x0000018a5c06d800 DEOPT PACKING pc=0x0000018a44df5d04 sp=0x00000040c2efb850
Event: 44.155 Thread 0x0000018a5c06d800 DEOPT UNPACKING pc=0x0000018a4450a95e sp=0x00000040c2efad18 mode 0
Event: 44.155 Thread 0x0000018a5c06d800 DEOPT PACKING pc=0x0000018a44ea547c sp=0x00000040c2efbb60
Event: 44.155 Thread 0x0000018a5c06d800 DEOPT UNPACKING pc=0x0000018a4450a95e sp=0x00000040c2efb040 mode 0
Event: 44.155 Thread 0x0000018a5c06d800 DEOPT PACKING pc=0x0000018a44df5d04 sp=0x00000040c2efc060
Event: 44.155 Thread 0x0000018a5c06d800 DEOPT UNPACKING pc=0x0000018a4450a95e sp=0x00000040c2efb528 mode 0
Event: 44.155 Thread 0x0000018a5c06d800 DEOPT PACKING pc=0x0000018a44ea50d4 sp=0x00000040c2efc370
Event: 44.155 Thread 0x0000018a5c06d800 DEOPT UNPACKING pc=0x0000018a4450a95e sp=0x00000040c2efb850 mode 0

Classes redefined (0 events):
No events

Internal exceptions (20 events):
Event: 38.349 Thread 0x0000018a5c06d800 Exception <a 'java/lang/ClassCastException'{0x000000008913d010}> (0x000000008913d010) thrown at [s\src\hotspot\share\runtime\sharedRuntime.cpp, line 606]
Event: 38.351 Thread 0x0000018a5c06d800 Exception <a 'java/lang/ClassCastException'{0x00000000891d8c60}> (0x00000000891d8c60) thrown at [s\src\hotspot\share\runtime\sharedRuntime.cpp, line 606]
Event: 38.354 Thread 0x0000018a5c06d800 Exception <a 'java/lang/ClassCastException'{0x0000000089087740}> (0x0000000089087740) thrown at [s\src\hotspot\share\runtime\sharedRuntime.cpp, line 606]
Event: 38.356 Thread 0x0000018a5c06d800 Exception <a 'java/lang/ClassCastException'{0x0000000088f37968}> (0x0000000088f37968) thrown at [s\src\hotspot\share\runtime\sharedRuntime.cpp, line 606]
Event: 38.358 Thread 0x0000018a5c06d800 Exception <a 'java/lang/ClassCastException'{0x0000000088fd9170}> (0x0000000088fd9170) thrown at [s\src\hotspot\share\runtime\sharedRuntime.cpp, line 606]
Event: 38.359 Thread 0x0000018a5c06d800 Exception <a 'java/lang/ClassCastException'{0x0000000088e75b80}> (0x0000000088e75b80) thrown at [s\src\hotspot\share\runtime\sharedRuntime.cpp, line 606]
Event: 38.367 Thread 0x0000018a5c06d800 Exception <a 'java/lang/ClassCastException'{0x0000000088d06730}> (0x0000000088d06730) thrown at [s\src\hotspot\share\runtime\sharedRuntime.cpp, line 606]
Event: 38.369 Thread 0x0000018a5c06d800 Exception <a 'java/lang/ClassCastException'{0x0000000088da35c0}> (0x0000000088da35c0) thrown at [s\src\hotspot\share\runtime\sharedRuntime.cpp, line 606]
Event: 38.370 Thread 0x0000018a5c06d800 Exception <a 'java/lang/ClassCastException'{0x0000000088c3f768}> (0x0000000088c3f768) thrown at [s\src\hotspot\share\runtime\sharedRuntime.cpp, line 606]
Event: 38.373 Thread 0x0000018a5c06d800 Exception <a 'java/lang/ClassCastException'{0x0000000088cf7728}> (0x0000000088cf7728) thrown at [s\src\hotspot\share\runtime\sharedRuntime.cpp, line 606]
Event: 38.375 Thread 0x0000018a5c06d800 Exception <a 'java/lang/ClassCastException'{0x0000000088b93808}> (0x0000000088b93808) thrown at [s\src\hotspot\share\runtime\sharedRuntime.cpp, line 606]
Event: 43.211 Thread 0x0000018a5c06d800 Exception <a 'java/lang/ClassCastException'{0x0000000088943440}> (0x0000000088943440) thrown at [s\src\hotspot\share\runtime\sharedRuntime.cpp, line 606]
Event: 44.045 Thread 0x0000018a5c06d800 Exception <a 'java/lang/ClassCastException'{0x00000000889ed158}> (0x00000000889ed158) thrown at [s\src\hotspot\share\runtime\sharedRuntime.cpp, line 606]
Event: 44.051 Thread 0x0000018a5c06d800 Exception <a 'java/lang/ClassCastException'{0x0000000088892940}> (0x0000000088892940) thrown at [s\src\hotspot\share\runtime\sharedRuntime.cpp, line 606]
Event: 44.061 Thread 0x0000018a5c06d800 Exception <a 'java/lang/ClassCastException'{0x00000000888e80b8}> (0x00000000888e80b8) thrown at [s\src\hotspot\share\runtime\sharedRuntime.cpp, line 606]
Event: 44.070 Thread 0x0000018a5c06d800 Exception <a 'java/lang/ClassCastException'{0x00000000887438b8}> (0x00000000887438b8) thrown at [s\src\hotspot\share\runtime\sharedRuntime.cpp, line 606]
Event: 44.079 Thread 0x0000018a5c06d800 Exception <a 'java/lang/ClassCastException'{0x00000000887a9138}> (0x00000000887a9138) thrown at [s\src\hotspot\share\runtime\sharedRuntime.cpp, line 606]
Event: 44.088 Thread 0x0000018a5c06d800 Exception <a 'java/lang/ClassCastException'{0x000000008860ee30}> (0x000000008860ee30) thrown at [s\src\hotspot\share\runtime\sharedRuntime.cpp, line 606]
Event: 44.192 Thread 0x0000018a5c06d800 Exception <a 'java/lang/IllegalArgumentException'{0x0000000088681e40}> (0x0000000088681e40) thrown at [s\src\hotspot\share\prims\jvm.cpp, line 1310]
Event: 44.214 Thread 0x0000018a5c06d800 Exception <a 'java/lang/IllegalArgumentException'{0x00000000886b8730}> (0x00000000886b8730) thrown at [s\src\hotspot\share\prims\jvm.cpp, line 1310]

Events (20 events):
Event: 44.153 loading class javafx/application/Application
Event: 44.153 loading class javafx/application/Application done
Event: 44.153 loading class javafx/application/Application
Event: 44.153 loading class javafx/application/Application done
Event: 44.187 loading class com/sun/javafx/tk/quantum/GlassScene
Event: 44.187 loading class com/sun/javafx/tk/quantum/GlassScene done
Event: 44.187 loading class com/sun/javafx/tk/quantum/WindowStage
Event: 44.187 loading class com/sun/javafx/tk/quantum/WindowStage done
Event: 44.188 loading class com/sun/prism/GraphicsResource
Event: 44.188 loading class com/sun/prism/GraphicsResource done
Event: 44.188 loading class com/sun/prism/GraphicsResource
Event: 44.188 loading class com/sun/prism/GraphicsResource done
Event: 44.190 loading class com/sun/javafx/tk/quantum/ViewScene
Event: 44.190 loading class com/sun/javafx/tk/quantum/ViewScene done
Event: 44.191 loading class com/sun/javafx/tk/quantum/WindowStage
Event: 44.191 loading class com/sun/javafx/tk/quantum/WindowStage done
Event: 44.192 loading class java/lang/Throwable$WrappedPrintStream
Event: 44.192 loading class java/lang/Throwable$PrintStreamOrWriter
Event: 44.192 loading class java/lang/Throwable$PrintStreamOrWriter done
Event: 44.192 loading class java/lang/Throwable$WrappedPrintStream done


Dynamic libraries:
0x00007ff7262b0000 - 0x00007ff7262be000 	C:\Users\moulinville\.jdks\corretto-11.0.23\bin\java.exe
0x00007ffa8e890000 - 0x00007ffa8ea88000 	C:\Windows\SYSTEM32\ntdll.dll
0x00007ffa8d800000 - 0x00007ffa8d8bd000 	C:\Windows\System32\KERNEL32.DLL
0x00007ffa8c480000 - 0x00007ffa8c776000 	C:\Windows\System32\KERNELBASE.dll
0x00007ffa8c060000 - 0x00007ffa8c160000 	C:\Windows\System32\ucrtbase.dll
0x00007ffa877b0000 - 0x00007ffa877c7000 	C:\Users\moulinville\.jdks\corretto-11.0.23\bin\jli.dll
0x00007ffa8e5f0000 - 0x00007ffa8e78f000 	C:\Windows\System32\USER32.dll
0x00007ffa86e80000 - 0x00007ffa86e9b000 	C:\Users\moulinville\.jdks\corretto-11.0.23\bin\VCRUNTIME140.dll
0x00007ffa76a00000 - 0x00007ffa76c9a000 	C:\Windows\WinSxS\amd64_microsoft.windows.common-controls_6595b64144ccf1df_6.0.19041.3636_none_60b6a03d71f818d5\COMCTL32.dll
0x00007ffa8c8c0000 - 0x00007ffa8c95e000 	C:\Windows\System32\msvcrt.dll
0x00007ffa8ccb0000 - 0x00007ffa8ccdb000 	C:\Windows\System32\GDI32.dll
0x00007ffa8c890000 - 0x00007ffa8c8b2000 	C:\Windows\System32\win32u.dll
0x00007ffa8bf40000 - 0x00007ffa8c057000 	C:\Windows\System32\gdi32full.dll
0x00007ffa8c780000 - 0x00007ffa8c81d000 	C:\Windows\System32\msvcp_win.dll
0x00007ffa8d7c0000 - 0x00007ffa8d7f2000 	C:\Windows\System32\IMM32.DLL
0x00007ffa89720000 - 0x00007ffa8972c000 	C:\Users\moulinville\.jdks\corretto-11.0.23\bin\vcruntime140_1.dll
0x00007ffa4b4f0000 - 0x00007ffa4b57d000 	C:\Users\moulinville\.jdks\corretto-11.0.23\bin\msvcp140.dll
0x00007ffa1c690000 - 0x00007ffa1d254000 	C:\Users\moulinville\.jdks\corretto-11.0.23\bin\server\jvm.dll
0x00007ffa8cba0000 - 0x00007ffa8cc50000 	C:\Windows\System32\ADVAPI32.dll
0x00007ffa8e790000 - 0x00007ffa8e830000 	C:\Windows\System32\sechost.dll
0x00007ffa8ca70000 - 0x00007ffa8cb93000 	C:\Windows\System32\RPCRT4.dll
0x00007ffa8c2a0000 - 0x00007ffa8c2c7000 	C:\Windows\System32\bcrypt.dll
0x00007ffa8d1e0000 - 0x00007ffa8d1e8000 	C:\Windows\System32\PSAPI.DLL
0x00007ffa78310000 - 0x00007ffa78319000 	C:\Windows\SYSTEM32\WSOCK32.dll
0x00007ffa8dc40000 - 0x00007ffa8dcab000 	C:\Windows\System32\WS2_32.dll
0x00007ffa84af0000 - 0x00007ffa84afa000 	C:\Windows\SYSTEM32\VERSION.dll
0x00007ffa7a130000 - 0x00007ffa7a157000 	C:\Windows\SYSTEM32\WINMM.dll
0x00007ffa89dd0000 - 0x00007ffa89de2000 	C:\Windows\SYSTEM32\kernel.appcore.dll
0x00007ffa87a30000 - 0x00007ffa87a40000 	C:\Users\moulinville\.jdks\corretto-11.0.23\bin\verify.dll
0x00007ffa79d60000 - 0x00007ffa79f44000 	C:\Windows\SYSTEM32\DBGHELP.DLL
0x00007ffa79bf0000 - 0x00007ffa79c24000 	C:\Windows\SYSTEM32\dbgcore.DLL
0x00007ffa8c210000 - 0x00007ffa8c292000 	C:\Windows\System32\bcryptPrimitives.dll
0x00007ffa86e50000 - 0x00007ffa86e78000 	C:\Users\moulinville\.jdks\corretto-11.0.23\bin\java.dll
0x00007ffa86e30000 - 0x00007ffa86e3a000 	C:\Users\moulinville\.jdks\corretto-11.0.23\bin\jimage.dll
0x00007ffa84470000 - 0x00007ffa8447e000 	C:\Users\moulinville\.jdks\corretto-11.0.23\bin\instrument.dll
0x00007ffa84450000 - 0x00007ffa84468000 	C:\Users\moulinville\.jdks\corretto-11.0.23\bin\zip.dll
0x00007ffa8dd50000 - 0x00007ffa8e4bb000 	C:\Windows\System32\SHELL32.dll
0x00007ffa89fd0000 - 0x00007ffa8a76e000 	C:\Windows\SYSTEM32\windows.storage.dll
0x00007ffa8cce0000 - 0x00007ffa8d033000 	C:\Windows\System32\combase.dll
0x00007ffa8b970000 - 0x00007ffa8b99e000 	C:\Windows\SYSTEM32\Wldp.dll
0x00007ffa8d1f0000 - 0x00007ffa8d2bd000 	C:\Windows\System32\OLEAUT32.dll
0x00007ffa8d8c0000 - 0x00007ffa8d96d000 	C:\Windows\System32\SHCORE.dll
0x00007ffa8cc50000 - 0x00007ffa8cca5000 	C:\Windows\System32\shlwapi.dll
0x00007ffa8be70000 - 0x00007ffa8be93000 	C:\Windows\SYSTEM32\profapi.dll
0x00007ffa84430000 - 0x00007ffa84449000 	C:\Users\moulinville\.jdks\corretto-11.0.23\bin\net.dll
0x00007ffa82610000 - 0x00007ffa8271a000 	C:\Windows\SYSTEM32\WINHTTP.dll
0x00007ffa8b6d0000 - 0x00007ffa8b73a000 	C:\Windows\system32\mswsock.dll
0x00007ffa84410000 - 0x00007ffa84422000 	C:\Users\moulinville\.jdks\corretto-11.0.23\bin\nio.dll
0x00007ffa843e0000 - 0x00007ffa843fa000 	C:\Program Files\JetBrains\IntelliJ IDEA Community Edition 2024.1\bin\breakgen64.dll
0x0000018a3bcb0000 - 0x0000018a3bcb3000 	C:\Users\moulinville\.openjfx\cache\17.0.6\api-ms-win-core-console-l1-1-0.dll
0x0000018a3bcc0000 - 0x0000018a3bcc3000 	C:\Users\moulinville\.openjfx\cache\17.0.6\api-ms-win-core-console-l1-2-0.dll
0x0000018a3bcd0000 - 0x0000018a3bcd3000 	C:\Users\moulinville\.openjfx\cache\17.0.6\api-ms-win-core-datetime-l1-1-0.dll
0x0000018a3bce0000 - 0x0000018a3bce3000 	C:\Users\moulinville\.openjfx\cache\17.0.6\api-ms-win-core-debug-l1-1-0.dll
0x0000018a5bc80000 - 0x0000018a5bc83000 	C:\Users\moulinville\.openjfx\cache\17.0.6\api-ms-win-core-errorhandling-l1-1-0.dll
0x0000018a5bc90000 - 0x0000018a5bc94000 	C:\Users\moulinville\.openjfx\cache\17.0.6\api-ms-win-core-file-l1-1-0.dll
0x0000018a5bca0000 - 0x0000018a5bca3000 	C:\Users\moulinville\.openjfx\cache\17.0.6\api-ms-win-core-file-l1-2-0.dll
0x0000018a5bcb0000 - 0x0000018a5bcb3000 	C:\Users\moulinville\.openjfx\cache\17.0.6\api-ms-win-core-file-l2-1-0.dll
0x0000018a5bcc0000 - 0x0000018a5bcc3000 	C:\Users\moulinville\.openjfx\cache\17.0.6\api-ms-win-core-handle-l1-1-0.dll
0x0000018a5bcd0000 - 0x0000018a5bcd3000 	C:\Users\moulinville\.openjfx\cache\17.0.6\api-ms-win-core-heap-l1-1-0.dll
0x0000018a5bce0000 - 0x0000018a5bce3000 	C:\Users\moulinville\.openjfx\cache\17.0.6\api-ms-win-core-interlocked-l1-1-0.dll
0x0000018a5bcf0000 - 0x0000018a5bcf3000 	C:\Users\moulinville\.openjfx\cache\17.0.6\api-ms-win-core-libraryloader-l1-1-0.dll
0x0000018a5bd00000 - 0x0000018a5bd03000 	C:\Users\moulinville\.openjfx\cache\17.0.6\api-ms-win-core-localization-l1-2-0.dll
0x0000018a5bd10000 - 0x0000018a5bd13000 	C:\Users\moulinville\.openjfx\cache\17.0.6\api-ms-win-core-memory-l1-1-0.dll
0x0000018a5bd20000 - 0x0000018a5bd23000 	C:\Users\moulinville\.openjfx\cache\17.0.6\api-ms-win-core-namedpipe-l1-1-0.dll
0x0000018a5bd30000 - 0x0000018a5bd33000 	C:\Users\moulinville\.openjfx\cache\17.0.6\api-ms-win-core-processenvironment-l1-1-0.dll
0x0000018a5bd40000 - 0x0000018a5bd43000 	C:\Users\moulinville\.openjfx\cache\17.0.6\api-ms-win-core-processthreads-l1-1-0.dll
0x0000018a5bd50000 - 0x0000018a5bd53000 	C:\Users\moulinville\.openjfx\cache\17.0.6\api-ms-win-core-processthreads-l1-1-1.dll
0x0000018a5bd60000 - 0x0000018a5bd63000 	C:\Users\moulinville\.openjfx\cache\17.0.6\api-ms-win-core-profile-l1-1-0.dll
0x0000018a5bd70000 - 0x0000018a5bd73000 	C:\Users\moulinville\.openjfx\cache\17.0.6\api-ms-win-core-rtlsupport-l1-1-0.dll
0x0000018a5bd80000 - 0x0000018a5bd83000 	C:\Users\moulinville\.openjfx\cache\17.0.6\api-ms-win-core-string-l1-1-0.dll
0x0000018a5bd90000 - 0x0000018a5bd93000 	C:\Users\moulinville\.openjfx\cache\17.0.6\api-ms-win-core-synch-l1-1-0.dll
0x0000018a5bda0000 - 0x0000018a5bda3000 	C:\Users\moulinville\.openjfx\cache\17.0.6\api-ms-win-core-synch-l1-2-0.dll
0x0000018a5bdb0000 - 0x0000018a5bdb3000 	C:\Users\moulinville\.openjfx\cache\17.0.6\api-ms-win-core-sysinfo-l1-1-0.dll
0x0000018a5bdc0000 - 0x0000018a5bdc3000 	C:\Users\moulinville\.openjfx\cache\17.0.6\api-ms-win-core-timezone-l1-1-0.dll
0x0000018a5bdd0000 - 0x0000018a5bdd3000 	C:\Users\moulinville\.openjfx\cache\17.0.6\api-ms-win-core-util-l1-1-0.dll
0x0000018a5bde0000 - 0x0000018a5bde3000 	C:\Users\moulinville\.openjfx\cache\17.0.6\api-ms-win-crt-conio-l1-1-0.dll
0x0000018a5bdf0000 - 0x0000018a5bdf4000 	C:\Users\moulinville\.openjfx\cache\17.0.6\api-ms-win-crt-convert-l1-1-0.dll
0x0000018a5be00000 - 0x0000018a5be03000 	C:\Users\moulinville\.openjfx\cache\17.0.6\api-ms-win-crt-environment-l1-1-0.dll
0x0000018a5be10000 - 0x0000018a5be13000 	C:\Users\moulinville\.openjfx\cache\17.0.6\api-ms-win-crt-filesystem-l1-1-0.dll
0x0000018a5be20000 - 0x0000018a5be23000 	C:\Users\moulinville\.openjfx\cache\17.0.6\api-ms-win-crt-heap-l1-1-0.dll
0x0000018a5be30000 - 0x0000018a5be33000 	C:\Users\moulinville\.openjfx\cache\17.0.6\api-ms-win-crt-locale-l1-1-0.dll
0x0000018a5be40000 - 0x0000018a5be45000 	C:\Users\moulinville\.openjfx\cache\17.0.6\api-ms-win-crt-math-l1-1-0.dll
0x0000018a5be50000 - 0x0000018a5be55000 	C:\Users\moulinville\.openjfx\cache\17.0.6\api-ms-win-crt-multibyte-l1-1-0.dll
0x0000018a5be60000 - 0x0000018a5be70000 	C:\Users\moulinville\.openjfx\cache\17.0.6\api-ms-win-crt-private-l1-1-0.dll
0x0000018a5be70000 - 0x0000018a5be73000 	C:\Users\moulinville\.openjfx\cache\17.0.6\api-ms-win-crt-process-l1-1-0.dll
0x0000018a5be80000 - 0x0000018a5be84000 	C:\Users\moulinville\.openjfx\cache\17.0.6\api-ms-win-crt-runtime-l1-1-0.dll
0x0000018a5be90000 - 0x0000018a5be94000 	C:\Users\moulinville\.openjfx\cache\17.0.6\api-ms-win-crt-stdio-l1-1-0.dll
0x0000018a5bea0000 - 0x0000018a5bea4000 	C:\Users\moulinville\.openjfx\cache\17.0.6\api-ms-win-crt-string-l1-1-0.dll
0x0000018a5beb0000 - 0x0000018a5beb3000 	C:\Users\moulinville\.openjfx\cache\17.0.6\api-ms-win-crt-time-l1-1-0.dll
0x0000018a5bec0000 - 0x0000018a5bec3000 	C:\Users\moulinville\.openjfx\cache\17.0.6\api-ms-win-crt-utility-l1-1-0.dll
0x00007ffa33660000 - 0x00007ffa3375c000 	C:\Users\moulinville\.openjfx\cache\17.0.6\ucrtbase.dll
0x00007ffa843a0000 - 0x00007ffa843ba000 	C:\Users\moulinville\.openjfx\cache\17.0.6\vcruntime140.dll
0x00007ffa78880000 - 0x00007ffa7888c000 	C:\Users\moulinville\.openjfx\cache\17.0.6\vcruntime140_1.dll
0x00007ffa4b460000 - 0x00007ffa4b4ed000 	C:\Users\moulinville\.openjfx\cache\17.0.6\msvcp140.dll
0x00007ffa75930000 - 0x00007ffa75939000 	C:\Users\moulinville\.openjfx\cache\17.0.6\msvcp140_1.dll
0x00007ffa5ffc0000 - 0x00007ffa5ffef000 	C:\Users\moulinville\.openjfx\cache\17.0.6\msvcp140_2.dll
0x00007ffa5fe30000 - 0x00007ffa5fe5a000 	C:\Users\moulinville\.openjfx\cache\17.0.6\prism_d3d.dll
0x00007ffa5ebe0000 - 0x00007ffa5edad000 	C:\Windows\system32\d3d9.dll
0x00007ffa89bf0000 - 0x00007ffa89c1f000 	C:\Windows\SYSTEM32\dwmapi.dll
0x00007ffa89900000 - 0x00007ffa8999e000 	C:\Windows\system32\uxtheme.dll
0x00007ffa48840000 - 0x00007ffa4ad7d000 	C:\Windows\SYSTEM32\igdumdim64.dll
0x00007ffa8e4c0000 - 0x00007ffa8e5eb000 	C:\Windows\System32\ole32.dll
0x00007ffa8d2d0000 - 0x00007ffa8d73e000 	C:\Windows\System32\SETUPAPI.dll
0x00007ffa8c2d0000 - 0x00007ffa8c31e000 	C:\Windows\System32\cfgmgr32.dll
0x00007ffa5eee0000 - 0x00007ffa5ef22000 	C:\Users\moulinville\.openjfx\cache\17.0.6\glass.dll
0x00007ffa8d040000 - 0x00007ffa8d11a000 	C:\Windows\System32\COMDLG32.dll
0x00007ffa8db20000 - 0x00007ffa8dc35000 	C:\Windows\System32\MSCTF.dll
0x00007ffa7c930000 - 0x00007ffa7d36f000 	C:\Windows\SYSTEM32\igdusc64.dll
0x00007ffa811f0000 - 0x00007ffa8122b000 	C:\Windows\SYSTEM32\dxcore.dll
0x00007ffa68e10000 - 0x00007ffa68e24000 	C:\Users\moulinville\.openjfx\cache\17.0.6\javafx_font.dll
0x00007ffa74a10000 - 0x00007ffa74c8f000 	C:\Windows\SYSTEM32\dwrite.dll
0x00007ffa8c9c0000 - 0x00007ffa8ca69000 	C:\Windows\System32\clbcatq.dll
0x00007ffa830e0000 - 0x00007ffa83294000 	C:\Windows\SYSTEM32\WindowsCodecs.dll
0x00007ffa789a0000 - 0x00007ffa789de000 	C:\Windows\system32\dataexchange.dll
0x00007ffa88060000 - 0x00007ffa882c3000 	C:\Windows\system32\d3d11.dll
0x00007ffa88b80000 - 0x00007ffa88d65000 	C:\Windows\system32\dcomp.dll
0x00007ffa8a7d0000 - 0x00007ffa8a8c3000 	C:\Windows\system32\dxgi.dll
0x00007ffa85dd0000 - 0x00007ffa85fd3000 	C:\Windows\system32\twinapi.appcore.dll
0x00007ffa62620000 - 0x00007ffa62654000 	C:\Program Files\Common Files\Microsoft Shared\Ink\rtscom.dll
0x00007ffa81390000 - 0x00007ffa81489000 	C:\Windows\SYSTEM32\textinputframework.dll
0x00007ffa894a0000 - 0x00007ffa89592000 	C:\Windows\System32\CoreMessaging.dll
0x00007ffa890f0000 - 0x00007ffa8944b000 	C:\Windows\System32\CoreUIComponents.dll
0x00007ffa8b0a0000 - 0x00007ffa8b0d3000 	C:\Windows\SYSTEM32\ntmarta.dll
0x00007ffa889f0000 - 0x00007ffa88b47000 	C:\Windows\SYSTEM32\wintypes.dll
0x00007ffa67f40000 - 0x00007ffa68235000 	C:\Windows\SYSTEM32\UIAutomationCore.DLL
0x00007ffa877e0000 - 0x00007ffa878d6000 	C:\Windows\SYSTEM32\PROPSYS.dll
0x00007ffa75a30000 - 0x00007ffa75aaf000 	C:\Windows\System32\OneCoreCommonProxyStub.dll
0x00007ffa8b3a0000 - 0x00007ffa8b46b000 	C:\Windows\SYSTEM32\DNSAPI.dll

dbghelp: loaded successfully - version: 4.0.5 - missing functions: none
symbol engine: initialized successfully - sym options: 0x614 - pdb path: .;C:\Users\moulinville\.jdks\corretto-11.0.23\bin;C:\Windows\SYSTEM32;C:\Windows\WinSxS\amd64_microsoft.windows.common-controls_6595b64144ccf1df_6.0.19041.3636_none_60b6a03d71f818d5;C:\Users\moulinville\.jdks\corretto-11.0.23\bin\server;C:\Program Files\JetBrains\IntelliJ IDEA Community Edition 2024.1\bin;C:\Users\moulinville\.openjfx\cache\17.0.6;C:\Program Files\Common Files\Microsoft Shared\Ink

VM Arguments:
jvm_args: -javaagent:C:\Program Files\JetBrains\IntelliJ IDEA Community Edition 2024.1\lib\idea_rt.jar=51222:C:\Program Files\JetBrains\IntelliJ IDEA Community Edition 2024.1\bin -Dfile.encoding=UTF-8 --module-path=C:\Users\moulinville\.m2\repository\com\gluonhq\attach\lifecycle\4.0.9\lifecycle-4.0.9.jar;C:\Users\moulinville\.m2\repository\com\fasterxml\jackson\core\jackson-core\2.12.1\jackson-core-2.12.1.jar;C:\Users\moulinville\.m2\repository\org\kordamp\ikonli\ikonli-javafx\12.3.1\ikonli-javafx-12.3.1.jar;C:\Users\moulinville\.m2\repository\org\kordamp\ikonli\ikonli-core\12.3.1\ikonli-core-12.3.1.jar;C:\Users\moulinville\.m2\repository\com\dlsc\formsfx\formsfx-core\11.6.0\formsfx-core-11.6.0.jar;C:\Users\moulinville\.m2\repository\org\jetbrains\kotlin\kotlin-stdlib\1.5.10\kotlin-stdlib-1.5.10-modular.jar;C:\Users\moulinville\.m2\repository\com\gluonhq\attach\storage\4.0.9\storage-4.0.9.jar;C:\Users\moulinville\.m2\repository\com\github\almasb\fxgl-core\11.17\fxgl-core-11.17.jar;C:\Users\moulinville\.m2\repository\org\openjfx\javafx-controls\17.0.6\javafx-controls-17.0.6-win.jar;C:\Users\moulinville\.m2\repository\org\openjfx\javafx-graphics\17.0.6\javafx-graphics-17.0.6-win.jar;C:\Users\moulinville\.m2\repository\eu\hansolo\tilesfx\11.48\tilesfx-11.48.jar;C:\Users\moulinville\.m2\repository\org\kordamp\bootstrapfx\bootstrapfx-core\0.4.0\bootstrapfx-core-0.4.0.jar;C:\Users\moulinville\.m2\repository\org\openjfx\javafx-media\17.0.6\javafx-media-17.0.6-win.jar;C:\Users\moulinville\.m2\repository\com\github\almasb\fxgl-entity\11.17\fxgl-entity-11.17.jar;C:\Users\moulinville\.m2\repository\org\openjfx\javafx-web\17.0.6\javafx-web-17.0.6-win.jar;C:\Users\moulinville\.m2\repository\com\gluonhq\attach\util\4.0.9\util-4.0.9.jar;C:\Users\moulinville\.m2\repository\com\github\almasb\fxgl-io\11.17\fxgl-io-11.17.jar;C:\Users\moulinville\.m2\repository\com\github\almasb\fxgl-gameplay\11.17\fxgl-gameplay-11.17.jar;C:\Users\moulinville\.m2\repository\net\synedra\validatorfx\0.4.0\validatorfx-0.4.0.jar;C:\Users\moulinville\.m2\repository\org\openjfx\javafx-fxml\17.0.6\javafx-fxml-17.0.6-win.jar;C:\Users\moulinville\.m2\repository\com\gluonhq\attach\audio\4.0.9\audio-4.0.9.jar-Djdk.module.main=com.miniproject.gestionpatients 
java_command: com.miniproject.gestionpatients/com.miniproject.gestionpatients.GestionApplication
java_class_path (initial): C:\Users\moulinville\.m2\repository\org\openjfx\javafx-controls\17.0.6\javafx-controls-17.0.6.jar;C:\Users\moulinville\.m2\repository\org\openjfx\javafx-graphics\17.0.6\javafx-graphics-17.0.6.jar;C:\Users\moulinville\.m2\repository\org\openjfx\javafx-base\17.0.6\javafx-base-17.0.6.jar;C:\Users\moulinville\.m2\repository\org\openjfx\javafx-fxml\17.0.6\javafx-fxml-17.0.6.jar;C:\Users\moulinville\.m2\repository\org\openjfx\javafx-web\17.0.6\javafx-web-17.0.6.jar;C:\Users\moulinville\.m2\repository\org\openjfx\javafx-swing\17.0.6\javafx-swing-17.0.6.jar;C:\Users\moulinville\.m2\repository\org\openjfx\javafx-swing\17.0.6\javafx-swing-17.0.6-win.jar;C:\Users\moulinville\.m2\repository\org\openjfx\javafx-media\17.0.6\javafx-media-17.0.6.jar;C:\Users\moulinville\.m2\repository\org\jetbrains\annotations\13.0\annotations-13.0.jar;C:\Users\moulinville\.m2\repository\org\jetbrains\kotlin\kotlin-stdlib-common\1.5.10\kotlin-stdlib-common-1.5.10.jar;C:\Users\moulinville\.m2\repository\com\mysql\mysql-connector-j\8.0.32\mysql-connector-j-8.0.32.jar;C:\Users\moulinville\.m2\repository\com\google\protobuf\protobuf-java\3.21.9\protobuf-java-3.21.9.jar
Launcher Type: SUN_STANDARD

[Global flags]
     intx CICompilerCount                          = 3                                         {product} {ergonomic}
     uint ConcGCThreads                            = 1                                         {product} {ergonomic}
     uint G1ConcRefinementThreads                  = 4                                         {product} {ergonomic}
   size_t G1HeapRegionSize                         = 1048576                                   {product} {ergonomic}
    uintx GCDrainStackTargetSize                   = 64                                        {product} {ergonomic}
   size_t InitialHeapSize                          = 134217728                                 {product} {ergonomic}
   size_t MarkStackSize                            = 4194304                                   {product} {ergonomic}
   size_t MaxHeapSize                              = 2126512128                                {product} {ergonomic}
   size_t MaxNewSize                               = 1275068416                                {product} {ergonomic}
   size_t MinHeapDeltaBytes                        = 1048576                                   {product} {ergonomic}
    uintx NonNMethodCodeHeapSize                   = 5830732                                {pd product} {ergonomic}
    uintx NonProfiledCodeHeapSize                  = 122913754                              {pd product} {ergonomic}
    uintx ProfiledCodeHeapSize                     = 122913754                              {pd product} {ergonomic}
    uintx ReservedCodeCacheSize                    = 251658240                              {pd product} {ergonomic}
     bool SegmentedCodeCache                       = true                                      {product} {ergonomic}
     bool UseCompressedClassPointers               = true                                 {lp64_product} {ergonomic}
     bool UseCompressedOops                        = true                                 {lp64_product} {ergonomic}
     bool UseG1GC                                  = true                                      {product} {ergonomic}
     bool UseLargePagesIndividualAllocation        = false                                  {pd product} {ergonomic}

Logging:
Log output configuration:
 #0: stdout all=warning uptime,level,tags
 #1: stderr all=off uptime,level,tags

Environment Variables:
PATH=C:\Program Files (x86)\apache-tomcat-9.0.86\apache-tomcat-9.0.86\bin;C:\Program Files (x86)\Common Files\Oracle\Java\javapath;C:\oraclexe\app\oracle\product\11.2.0\server\bin;C:\Program Files\Java\jdk1.8.0_05\bin;C:\Program Files\Java\jdk1.8.0_05;C:\Windows\system32;C:\Windows;C:\Windows\System32\Wbem;C:\Windows\System32\WindowsPowerShell\v1.0\;C:\Windows\System32\OpenSSH\;C:\Program Files\dotnet\;C:\Program Files\nodejs\;C:\Program Files\Git\cmd;C:\Program Files\Microsoft SQL Server\150\Tools\Binn\;C:\Program Files\Microsoft SQL Server\Client SDK\ODBC\170\Tools\Binn\;D:\sqlite\sqlite-tools-win-x64-3450300;C:\Program Files\Java\jre1.8.0_241\bin;C:\Users\moulinville\AppData\Local\Programs\Python\Python312\Scripts\;C:\Users\moulinville\AppData\Local\Programs\Python\Python312\;C:\Program Files\Java\jdk1.8.0_05\bin;C:\Users\moulinville\.dotnet\tools;C:\Users\moulinville\AppData\Local\Programs\Microsoft VS Code\bin;C:\Users\moulinville\AppData\Roaming\npm;;C:\Program Files\JetBrains\IntelliJ IDEA Community Edition 2024.1\bin;
USERNAME=moulinville
OS=Windows_NT
PROCESSOR_IDENTIFIER=Intel64 Family 6 Model 61 Stepping 4, GenuineIntel
TMP=C:\Users\MOULIN~1\AppData\Local\Temp
TEMP=C:\Users\MOULIN~1\AppData\Local\Temp



---------------  S Y S T E M  ---------------

OS: Windows 10 , 64 bit Build 19041 (10.0.19041.3636)
OS uptime: 8 days 5:14 hours

CPU:total 4 (initial active 4) (2 cores per cpu, 2 threads per core) family 6 model 61 stepping 4 microcode 0x2d, cmov, cx8, fxsr, mmx, sse, sse2, sse3, ssse3, sse4.1, sse4.2, popcnt, avx, avx2, aes, clmul, erms, 3dnowpref, lzcnt, ht, tsc, tscinvbit, bmi1, bmi2, adx, fma

Memory: 4k page, system-wide physical 8106M (901M free)
TotalPageFile size 17322M (AvailPageFile size 6165M)
current process WorkingSet (physical memory assigned to process): 317M, peak: 322M
current process commit charge ("private bytes"): 382M, peak: 389M

vm_info: OpenJDK 64-Bit Server VM (11.0.23+9-LTS) for windows-amd64 JRE (11.0.23+9-LTS), built on Apr 10 2024 18:40:41 by "Administrator" with MS VC++ 16.10 / 16.11 (VS2019)

END.
